0 verbose cli /usr/local/bin/node /usr/local/bin/npm
1 info using npm@10.9.3
2 info using node@v22.20.0
3 silly config load:file:/usr/local/lib/node_modules/npm/npmrc
4 silly config load:file:/Users/nixonpaul/Code_learn/WebDev26/db/.npmrc
5 silly config load:file:/Users/nixonpaul/.npmrc
6 silly config load:file:/Users/nixonpaul/.npm-global/etc/npmrc
7 verbose title npm install jsonwebtoken
8 verbose argv "install" "jsonwebtoken"
9 verbose logfile logs-max:10 dir:/Users/nixonpaul/Code_learn/WebDev26/db/.npm-cache/_logs/2026-07-09T22_52_38_557Z-
10 verbose logfile /Users/nixonpaul/Code_learn/WebDev26/db/.npm-cache/_logs/2026-07-09T22_52_38_557Z-debug-0.log
11 silly logfile done cleaning log files
12 silly packumentCache heap:4345298944 maxSize:1086324736 maxEntrySize:543162368
13 silly idealTree buildDeps
14 silly fetch manifest jsonwebtoken@*
15 silly packumentCache full:https://registry.npmjs.org/jsonwebtoken cache-miss
16 http fetch GET 200 https://registry.npmjs.org/jsonwebtoken 320ms (cache miss)
17 silly packumentCache full:https://registry.npmjs.org/jsonwebtoken set size:undefined disposed:false
18 silly placeDep ROOT jsonwebtoken@9.0.3 OK for: db@1.0.0 want: *
19 silly fetch manifest jws@^4.0.1
20 silly packumentCache full:https://registry.npmjs.org/jws cache-miss
21 silly fetch manifest semver@^7.5.4
22 silly packumentCache full:https://registry.npmjs.org/semver cache-miss
23 silly fetch manifest lodash.once@^4.0.0
24 silly packumentCache full:https://registry.npmjs.org/lodash.once cache-miss
25 silly fetch manifest lodash.includes@^4.3.0
26 silly packumentCache full:https://registry.npmjs.org/lodash.includes cache-miss
27 silly fetch manifest lodash.isnumber@^3.0.3
28 silly packumentCache full:https://registry.npmjs.org/lodash.isnumber cache-miss
29 silly fetch manifest lodash.isstring@^4.0.1
30 silly packumentCache full:https://registry.npmjs.org/lodash.isstring cache-miss
31 silly fetch manifest lodash.isboolean@^3.0.3
32 silly packumentCache full:https://registry.npmjs.org/lodash.isboolean cache-miss
33 silly fetch manifest lodash.isinteger@^4.0.4
34 silly packumentCache full:https://registry.npmjs.org/lodash.isinteger cache-miss
35 silly fetch manifest lodash.isplainobject@^4.0.6
36 silly packumentCache full:https://registry.npmjs.org/lodash.isplainobject cache-miss
37 http fetch GET 200 https://registry.npmjs.org/jws 58ms (cache miss)
38 silly packumentCache full:https://registry.npmjs.org/jws set size:undefined disposed:false
39 http fetch GET 200 https://registry.npmjs.org/lodash.once 430ms (cache miss)
40 silly packumentCache full:https://registry.npmjs.org/lodash.once set size:undefined disposed:false
41 http fetch GET 200 https://registry.npmjs.org/lodash.isboolean 439ms (cache miss)
42 silly packumentCache full:https://registry.npmjs.org/lodash.isboolean set size:undefined disposed:false
43 http fetch GET 200 https://registry.npmjs.org/lodash.includes 468ms (cache miss)
44 silly packumentCache full:https://registry.npmjs.org/lodash.includes set size:undefined disposed:false
45 http fetch GET 200 https://registry.npmjs.org/semver 478ms (cache miss)
46 silly packumentCache full:https://registry.npmjs.org/semver set size:undefined disposed:false
47 http fetch GET 200 https://registry.npmjs.org/lodash.isplainobject 528ms (cache miss)
48 silly packumentCache full:https://registry.npmjs.org/lodash.isplainobject set size:undefined disposed:false
49 http fetch GET 200 https://registry.npmjs.org/lodash.isinteger 583ms (cache miss)
50 silly packumentCache full:https://registry.npmjs.org/lodash.isinteger set size:undefined disposed:false
51 http fetch GET 200 https://registry.npmjs.org/lodash.isstring 609ms (cache miss)
52 silly packumentCache full:https://registry.npmjs.org/lodash.isstring set size:undefined disposed:false
53 http fetch GET 200 https://registry.npmjs.org/lodash.isnumber 610ms (cache miss)
54 silly packumentCache full:https://registry.npmjs.org/lodash.isnumber set size:undefined disposed:false
55 silly placeDep ROOT jws@4.0.1 OK for: jsonwebtoken@9.0.3 want: ^4.0.1
56 silly placeDep ROOT lodash.includes@4.3.0 OK for: jsonwebtoken@9.0.3 want: ^4.3.0
57 silly placeDep ROOT lodash.isboolean@3.0.3 OK for: jsonwebtoken@9.0.3 want: ^3.0.3
58 silly placeDep ROOT lodash.isinteger@4.0.4 OK for: jsonwebtoken@9.0.3 want: ^4.0.4
59 silly placeDep ROOT lodash.isnumber@3.0.3 OK for: jsonwebtoken@9.0.3 want: ^3.0.3
60 silly placeDep ROOT lodash.isplainobject@4.0.6 OK for: jsonwebtoken@9.0.3 want: ^4.0.6
61 silly placeDep ROOT lodash.isstring@4.0.1 OK for: jsonwebtoken@9.0.3 want: ^4.0.1
62 silly placeDep ROOT lodash.once@4.1.1 OK for: jsonwebtoken@9.0.3 want: ^4.0.0
63 silly placeDep ROOT semver@7.8.5 OK for: jsonwebtoken@9.0.3 want: ^7.5.4
64 silly fetch manifest jwa@^2.0.1
65 silly packumentCache full:https://registry.npmjs.org/jwa cache-miss
66 silly fetch manifest safe-buffer@^5.0.1
67 silly packumentCache full:https://registry.npmjs.org/safe-buffer cache-miss
68 http fetch GET 200 https://registry.npmjs.org/safe-buffer 64ms (cache miss)
69 silly packumentCache full:https://registry.npmjs.org/safe-buffer set size:undefined disposed:false
70 http fetch GET 200 https://registry.npmjs.org/jwa 65ms (cache miss)
71 silly packumentCache full:https://registry.npmjs.org/jwa set size:undefined disposed:false
72 silly placeDep ROOT jwa@2.0.1 OK for: jws@4.0.1 want: ^2.0.1
73 silly placeDep ROOT safe-buffer@5.2.1 OK for: jws@4.0.1 want: ^5.0.1
74 silly fetch manifest ecdsa-sig-formatter@1.0.11
75 silly packumentCache full:https://registry.npmjs.org/ecdsa-sig-formatter cache-miss
76 silly fetch manifest buffer-equal-constant-time@^1.0.1
77 silly packumentCache full:https://registry.npmjs.org/buffer-equal-constant-time cache-miss
78 http fetch GET 200 https://registry.npmjs.org/buffer-equal-constant-time 30ms (cache miss)
79 silly packumentCache full:https://registry.npmjs.org/buffer-equal-constant-time set size:undefined disposed:false
80 http fetch GET 200 https://registry.npmjs.org/ecdsa-sig-formatter 32ms (cache miss)
81 silly packumentCache full:https://registry.npmjs.org/ecdsa-sig-formatter set size:undefined disposed:false
82 silly placeDep ROOT buffer-equal-constant-time@1.0.1 OK for: jwa@2.0.1 want: ^1.0.1
83 silly placeDep ROOT ecdsa-sig-formatter@1.0.11 OK for: jwa@2.0.1 want: 1.0.11
84 silly reify moves {}
85 silly audit bulk request {
85 silly audit   '@mongodb-js/saslprep': [ '1.4.12' ],
85 silly audit   '@standard-schema/spec': [ '1.1.0' ],
85 silly audit   '@types/webidl-conversions': [ '7.0.3' ],
85 silly audit   '@types/whatwg-url': [ '13.0.0' ],
85 silly audit   accepts: [ '2.0.0' ],
85 silly audit   'body-parser': [ '2.3.0' ],
85 silly audit   'content-type': [ '2.0.0', '1.0.5' ],
85 silly audit   bson: [ '7.3.1' ],
85 silly audit   bytes: [ '3.1.2' ],
85 silly audit   'call-bind-apply-helpers': [ '1.0.2' ],
85 silly audit   'call-bound': [ '1.0.4' ],
85 silly audit   'content-disposition': [ '1.1.0' ],
85 silly audit   cookie: [ '0.7.2' ],
85 silly audit   'cookie-signature': [ '1.2.2' ],
85 silly audit   debug: [ '4.4.3' ],
85 silly audit   depd: [ '2.0.0' ],
85 silly audit   'dunder-proto': [ '1.0.1' ],
85 silly audit   'ee-first': [ '1.1.1' ],
85 silly audit   encodeurl: [ '2.0.0' ],
85 silly audit   'es-define-property': [ '1.0.1' ],
85 silly audit   'es-errors': [ '1.3.0' ],
85 silly audit   'es-object-atoms': [ '1.1.2' ],
85 silly audit   'escape-html': [ '1.0.3' ],
85 silly audit   etag: [ '1.8.1' ],
85 silly audit   express: [ '5.2.1' ],
85 silly audit   finalhandler: [ '2.1.1' ],
85 silly audit   forwarded: [ '0.2.0' ],
85 silly audit   fresh: [ '2.0.0' ],
85 silly audit   'function-bind': [ '1.1.2' ],
85 silly audit   'get-intrinsic': [ '1.3.0' ],
85 silly audit   'get-proto': [ '1.0.1' ],
85 silly audit   gopd: [ '1.2.0' ],
85 silly audit   'has-symbols': [ '1.1.0' ],
85 silly audit   hasown: [ '2.0.4' ],
85 silly audit   'http-errors': [ '2.0.1' ],
85 silly audit   'iconv-lite': [ '0.7.3' ],
85 silly audit   inherits: [ '2.0.4' ],
85 silly audit   'ipaddr.js': [ '1.9.1' ],
85 silly audit   'is-promise': [ '4.0.0' ],
85 silly audit   kareem: [ '3.3.0' ],
85 silly audit   'math-intrinsics': [ '1.1.0' ],
85 silly audit   'media-typer': [ '1.1.0' ],
85 silly audit   'memory-pager': [ '1.5.0' ],
85 silly audit   'merge-descriptors': [ '2.0.0' ],
85 silly audit   'mime-db': [ '1.54.0' ],
85 silly audit   'mime-types': [ '3.0.2' ],
85 silly audit   mongodb: [ '7.2.0' ],
85 silly audit   'mongodb-connection-string-url': [ '7.0.1' ],
85 silly audit   mongoose: [ '9.7.4' ],
85 silly audit   mpath: [ '0.9.0' ],
85 silly audit   mquery: [ '6.0.0' ],
85 silly audit   ms: [ '2.1.3' ],
85 silly audit   negotiator: [ '1.0.0' ],
85 silly audit   'object-inspect': [ '1.13.4' ],
85 silly audit   'on-finished': [ '2.4.1' ],
85 silly audit   once: [ '1.4.0' ],
85 silly audit   parseurl: [ '1.3.3' ],
85 silly audit   'path-to-regexp': [ '8.4.2' ],
85 silly audit   'proxy-addr': [ '2.0.7' ],
85 silly audit   punycode: [ '2.3.1' ],
85 silly audit   qs: [ '6.15.3' ],
85 silly audit   'range-parser': [ '1.3.0' ],
85 silly audit   'raw-body': [ '3.0.2' ],
85 silly audit   router: [ '2.2.0' ],
85 silly audit   'safer-buffer': [ '2.1.2' ],
85 silly audit   send: [ '1.2.1' ],
85 silly audit   'serve-static': [ '2.2.1' ],
85 silly audit   setprototypeof: [ '1.2.0' ],
85 silly audit   'side-channel': [ '1.1.1' ],
85 silly audit   'side-channel-list': [ '1.0.1' ],
85 silly audit   'side-channel-map': [ '1.0.1' ],
85 silly audit   'side-channel-weakmap': [ '1.0.2' ],
85 silly audit   sift: [ '17.1.3' ],
85 silly audit   'sparse-bitfield': [ '3.0.3' ],
85 silly audit   statuses: [ '2.0.2' ],
85 silly audit   toidentifier: [ '1.0.1' ],
85 silly audit   tr46: [ '5.1.1' ],
85 silly audit   'type-is': [ '2.1.0' ],
85 silly audit   unpipe: [ '1.0.0' ],
85 silly audit   vary: [ '1.1.2' ],
85 silly audit   'webidl-conversions': [ '7.0.0' ],
85 silly audit   'whatwg-url': [ '14.2.0' ],
85 silly audit   wrappy: [ '1.0.2' ],
85 silly audit   jsonwebtoken: [ '9.0.3' ],
85 silly audit   jws: [ '4.0.1' ],
85 silly audit   'lodash.includes': [ '4.3.0' ],
85 silly audit   'lodash.isboolean': [ '3.0.3' ],
85 silly audit   'lodash.isinteger': [ '4.0.4' ],
85 silly audit   'lodash.isnumber': [ '3.0.3' ],
85 silly audit   'lodash.isplainobject': [ '4.0.6' ],
85 silly audit   'lodash.isstring': [ '4.0.1' ],
85 silly audit   'lodash.once': [ '4.1.1' ],
85 silly audit   semver: [ '7.8.5' ],
85 silly audit   jwa: [ '2.0.1' ],
85 silly audit   'safe-buffer': [ '5.2.1' ],
85 silly audit   'buffer-equal-constant-time': [ '1.0.1' ],
85 silly audit   'ecdsa-sig-formatter': [ '1.0.11' ]
85 silly audit }
86 http cache ecdsa-sig-formatter@https://registry.npmjs.org/ecdsa-sig-formatter/-/ecdsa-sig-formatter-1.0.11.tgz 1ms (cache hit)
87 http cache jwa@https://registry.npmjs.org/jwa/-/jwa-2.0.1.tgz 0ms (cache hit)
88 http cache semver@https://registry.npmjs.org/semver/-/semver-7.8.5.tgz 0ms (cache hit)
89 http cache buffer-equal-constant-time@https://registry.npmjs.org/buffer-equal-constant-time/-/buffer-equal-constant-time-1.0.1.tgz 0ms (cache hit)
90 http cache safe-buffer@https://registry.npmjs.org/safe-buffer/-/safe-buffer-5.2.1.tgz 0ms (cache hit)
91 http cache lodash.isplainobject@https://registry.npmjs.org/lodash.isplainobject/-/lodash.isplainobject-4.0.6.tgz 0ms (cache hit)
92 http cache lodash.isstring@https://registry.npmjs.org/lodash.isstring/-/lodash.isstring-4.0.1.tgz 0ms (cache hit)
93 http cache lodash.once@https://registry.npmjs.org/lodash.once/-/lodash.once-4.1.1.tgz 0ms (cache hit)
94 http cache lodash.isnumber@https://registry.npmjs.org/lodash.isnumber/-/lodash.isnumber-3.0.3.tgz 0ms (cache hit)
95 http cache lodash.isinteger@https://registry.npmjs.org/lodash.isinteger/-/lodash.isinteger-4.0.4.tgz 0ms (cache hit)
96 http cache jsonwebtoken@https://registry.npmjs.org/jsonwebtoken/-/jsonwebtoken-9.0.3.tgz 0ms (cache hit)
97 http cache jws@https://registry.npmjs.org/jws/-/jws-4.0.1.tgz 1ms (cache hit)
98 http cache lodash.includes@https://registry.npmjs.org/lodash.includes/-/lodash.includes-4.3.0.tgz 0ms (cache hit)
99 http cache lodash.isboolean@https://registry.npmjs.org/lodash.isboolean/-/lodash.isboolean-3.0.3.tgz 0ms (cache hit)
100 silly tarball no local data for semver@https://registry.npmjs.org/semver/-/semver-7.8.5.tgz. Extracting by manifest.
101 silly tarball no local data for ecdsa-sig-formatter@https://registry.npmjs.org/ecdsa-sig-formatter/-/ecdsa-sig-formatter-1.0.11.tgz. Extracting by manifest.
102 silly tarball no local data for jwa@https://registry.npmjs.org/jwa/-/jwa-2.0.1.tgz. Extracting by manifest.
103 silly tarball no local data for buffer-equal-constant-time@https://registry.npmjs.org/buffer-equal-constant-time/-/buffer-equal-constant-time-1.0.1.tgz. Extracting by manifest.
104 silly tarball no local data for safe-buffer@https://registry.npmjs.org/safe-buffer/-/safe-buffer-5.2.1.tgz. Extracting by manifest.
105 silly tarball no local data for lodash.isstring@https://registry.npmjs.org/lodash.isstring/-/lodash.isstring-4.0.1.tgz. Extracting by manifest.
106 silly tarball no local data for lodash.isplainobject@https://registry.npmjs.org/lodash.isplainobject/-/lodash.isplainobject-4.0.6.tgz. Extracting by manifest.
107 silly tarball no local data for lodash.once@https://registry.npmjs.org/lodash.once/-/lodash.once-4.1.1.tgz. Extracting by manifest.
108 silly tarball no local data for lodash.isnumber@https://registry.npmjs.org/lodash.isnumber/-/lodash.isnumber-3.0.3.tgz. Extracting by manifest.
109 silly tarball no local data for lodash.isinteger@https://registry.npmjs.org/lodash.isinteger/-/lodash.isinteger-4.0.4.tgz. Extracting by manifest.
110 silly tarball no local data for jsonwebtoken@https://registry.npmjs.org/jsonwebtoken/-/jsonwebtoken-9.0.3.tgz. Extracting by manifest.
111 silly tarball no local data for jws@https://registry.npmjs.org/jws/-/jws-4.0.1.tgz. Extracting by manifest.
112 silly tarball no local data for lodash.isboolean@https://registry.npmjs.org/lodash.isboolean/-/lodash.isboolean-3.0.3.tgz. Extracting by manifest.
113 silly tarball no local data for lodash.includes@https://registry.npmjs.org/lodash.includes/-/lodash.includes-4.3.0.tgz. Extracting by manifest.
114 http fetch GET 200 https://registry.npmjs.org/jwa/-/jwa-2.0.1.tgz 72ms (cache miss)
115 http fetch GET 200 https://registry.npmjs.org/buffer-equal-constant-time/-/buffer-equal-constant-time-1.0.1.tgz 72ms (cache miss)
116 http fetch GET 200 https://registry.npmjs.org/ecdsa-sig-formatter/-/ecdsa-sig-formatter-1.0.11.tgz 74ms (cache miss)
117 http fetch GET 200 https://registry.npmjs.org/lodash.once/-/lodash.once-4.1.1.tgz 73ms (cache miss)
118 http fetch GET 200 https://registry.npmjs.org/lodash.isplainobject/-/lodash.isplainobject-4.0.6.tgz 73ms (cache miss)
119 http fetch GET 200 https://registry.npmjs.org/lodash.isstring/-/lodash.isstring-4.0.1.tgz 73ms (cache miss)
120 http fetch GET 200 https://registry.npmjs.org/safe-buffer/-/safe-buffer-5.2.1.tgz 77ms (cache miss)
121 http fetch GET 200 https://registry.npmjs.org/semver/-/semver-7.8.5.tgz 92ms (cache miss)
122 http fetch GET 200 https://registry.npmjs.org/lodash.includes/-/lodash.includes-4.3.0.tgz 200ms (cache miss)
123 http fetch GET 200 https://registry.npmjs.org/lodash.isboolean/-/lodash.isboolean-3.0.3.tgz 202ms (cache miss)
124 http fetch POST 200 https://registry.npmjs.org/-/npm/v1/security/advisories/bulk 285ms
125 silly audit report {}
126 http fetch GET 200 https://registry.npmjs.org/lodash.isinteger/-/lodash.isinteger-4.0.4.tgz 324ms (cache miss)
127 http fetch GET 200 https://registry.npmjs.org/lodash.isnumber/-/lodash.isnumber-3.0.3.tgz 326ms (cache miss)
128 http fetch GET 200 https://registry.npmjs.org/jsonwebtoken/-/jsonwebtoken-9.0.3.tgz 428ms (cache miss)
129 http fetch GET 200 https://registry.npmjs.org/jws/-/jws-4.0.1.tgz 429ms (cache miss)
130 silly ADD node_modules/ecdsa-sig-formatter
131 silly ADD node_modules/buffer-equal-constant-time
132 silly ADD node_modules/safe-buffer
133 silly ADD node_modules/jwa
134 silly ADD node_modules/semver
135 silly ADD node_modules/lodash.once
136 silly ADD node_modules/lodash.isstring
137 silly ADD node_modules/lodash.isplainobject
138 silly ADD node_modules/lodash.isnumber
139 silly ADD node_modules/lodash.isinteger
140 silly ADD node_modules/lodash.isboolean
141 silly ADD node_modules/lodash.includes
142 silly ADD node_modules/jws
143 silly ADD node_modules/jsonwebtoken
144 verbose cwd /Users/nixonpaul/Code_learn/WebDev26/db
145 verbose os Darwin 25.3.0
146 verbose node v22.20.0
147 verbose npm  v10.9.3
148 verbose exit 0
149 info ok
